2025-03-13 18:06:39.6935 | search_tool_vector:162 | INFO | ChromaDB 客户端初始化成功，dbid=2655202644112
2025-03-13 18:06:39.6946 | search_tool_vector:169 | INFO | Embedding 函数初始化成功
2025-03-13 18:06:39.7464 | search_tool_vector:177 | INFO | 集合初始化成功：yunwei_knowledge
2025-03-13 18:06:39.7469 | search_tool_vector:329 | INFO | 工具接收的关键词：车位状态
2025-03-13 18:06:40.0265 | search_tool_vector:338 | INFO | 从API获取到 18 条数据
2025-03-13 18:06:40.0265 | search_tool_vector:239 | INFO | 去掉接口文档，总计 11 个文档，42 个文本块
2025-03-13 18:06:40.6853 | search_tool_vector:276 | ERROR | 
存储块时出错 (文档 0, 块 0): list index out of range in add.
2025-03-13 18:06:41.4108 | search_tool_vector:276 | ERROR | 
存储块时出错 (文档 1, 块 0): list index out of range in add.
2025-03-13 18:06:44.1550 | search_tool_vector:276 | ERROR | 
存储块时出错 (文档 2, 块 0): list index out of range in add.
2025-03-13 18:06:44.6326 | search_tool_vector:276 | ERROR | 
存储块时出错 (文档 2, 块 1): list index out of range in add.
2025-03-13 18:06:45.0293 | search_tool_vector:276 | ERROR | 
存储块时出错 (文档 2, 块 2): list index out of range in add.
2025-03-13 18:06:45.4203 | search_tool_vector:276 | ERROR | 
存储块时出错 (文档 3, 块 0): list index out of range in add.
2025-03-13 18:06:46.9045 | search_tool_vector:276 | ERROR | 
存储块时出错 (文档 4, 块 0): list index out of range in add.
2025-03-13 18:06:47.3569 | search_tool_vector:276 | ERROR | 
存储块时出错 (文档 5, 块 0): list index out of range in add.
2025-03-13 18:06:47.9007 | search_tool_vector:276 | ERROR | 
存储块时出错 (文档 6, 块 0): list index out of range in add.
2025-03-13 18:06:48.3032 | search_tool_vector:276 | ERROR | 
存储块时出错 (文档 6, 块 1): list index out of range in add.
2025-03-13 18:06:48.9325 | search_tool_vector:276 | ERROR | 
存储块时出错 (文档 6, 块 2): list index out of range in add.
2025-03-13 18:06:51.2910 | search_tool_vector:276 | ERROR | 
存储块时出错 (文档 6, 块 3): list index out of range in add.
2025-03-13 18:06:51.6432 | search_tool_vector:276 | ERROR | 
存储块时出错 (文档 6, 块 4): list index out of range in add.
2025-03-13 18:06:54.8278 | search_tool_vector:276 | ERROR | 
存储块时出错 (文档 6, 块 5): list index out of range in add.
2025-03-13 18:06:55.2489 | search_tool_vector:276 | ERROR | 
存储块时出错 (文档 7, 块 0): list index out of range in add.
2025-03-13 18:06:55.5364 | search_tool_vector:276 | ERROR | 
存储块时出错 (文档 7, 块 1): list index out of range in add.
2025-03-13 18:06:56.7569 | search_tool_vector:276 | ERROR | 
存储块时出错 (文档 7, 块 2): list index out of range in add.
2025-03-13 18:06:57.0934 | search_tool_vector:276 | ERROR | 
存储块时出错 (文档 7, 块 3): list index out of range in add.
2025-03-13 18:06:58.7981 | search_tool_vector:276 | ERROR | 
存储块时出错 (文档 7, 块 4): list index out of range in add.
2025-03-13 18:06:59.1669 | search_tool_vector:276 | ERROR | 
存储块时出错 (文档 7, 块 5): list index out of range in add.
2025-03-13 18:06:59.9658 | search_tool_vector:276 | ERROR | 
存储块时出错 (文档 7, 块 6): list index out of range in add.
2025-03-13 18:07:00.4019 | search_tool_vector:276 | ERROR | 
存储块时出错 (文档 7, 块 7): list index out of range in add.
2025-03-13 18:07:00.7746 | search_tool_vector:276 | ERROR | 
存储块时出错 (文档 7, 块 8): list index out of range in add.
2025-03-13 18:07:01.5440 | search_tool_vector:276 | ERROR | 
存储块时出错 (文档 7, 块 9): list index out of range in add.
2025-03-13 18:07:02.9486 | search_tool_vector:276 | ERROR | 
存储块时出错 (文档 7, 块 10): list index out of range in add.
2025-03-13 18:07:03.3130 | search_tool_vector:276 | ERROR | 
存储块时出错 (文档 7, 块 11): list index out of range in add.
2025-03-13 18:07:04.6688 | search_tool_vector:276 | ERROR | 
存储块时出错 (文档 7, 块 12): list index out of range in add.
2025-03-13 18:07:05.0384 | search_tool_vector:276 | ERROR | 
存储块时出错 (文档 7, 块 13): list index out of range in add.
2025-03-13 18:07:06.0051 | search_tool_vector:276 | ERROR | 
存储块时出错 (文档 7, 块 14): list index out of range in add.
2025-03-13 18:07:07.0942 | search_tool_vector:276 | ERROR | 
存储块时出错 (文档 7, 块 15): list index out of range in add.
2025-03-13 18:07:07.6311 | search_tool_vector:276 | ERROR | 
存储块时出错 (文档 7, 块 16): list index out of range in add.
2025-03-13 18:07:08.4299 | search_tool_vector:276 | ERROR | 
存储块时出错 (文档 7, 块 17): list index out of range in add.
2025-03-13 18:07:08.7543 | search_tool_vector:276 | ERROR | 
存储块时出错 (文档 7, 块 18): list index out of range in add.
2025-03-13 18:07:09.2931 | search_tool_vector:276 | ERROR | 
存储块时出错 (文档 8, 块 0): list index out of range in add.
2025-03-13 18:07:09.7833 | search_tool_vector:276 | ERROR | 
存储块时出错 (文档 8, 块 1): list index out of range in add.
2025-03-13 18:07:10.4976 | search_tool_vector:276 | ERROR | 
存储块时出错 (文档 8, 块 2): list index out of range in add.
2025-03-13 18:07:11.1051 | search_tool_vector:276 | ERROR | 
存储块时出错 (文档 9, 块 0): list index out of range in add.
2025-03-13 18:07:11.4079 | search_tool_vector:276 | ERROR | 
存储块时出错 (文档 9, 块 1): list index out of range in add.
2025-03-13 18:07:12.7421 | search_tool_vector:276 | ERROR | 
存储块时出错 (文档 10, 块 0): list index out of range in add.
2025-03-13 18:07:13.4751 | search_tool_vector:276 | ERROR | 
存储块时出错 (文档 10, 块 1): list index out of range in add.
2025-03-13 18:07:13.8874 | search_tool_vector:276 | ERROR | 
存储块时出错 (文档 10, 块 2): list index out of range in add.
2025-03-13 18:07:14.3681 | search_tool_vector:276 | ERROR | 
存储块时出错 (文档 10, 块 3): list index out of range in add.
2025-03-13 18:07:14.3681 | search_tool_vector:280 | INFO | 
成功存储 0 个文本块到向量数据库
2025-03-13 18:07:14.3686 | search_tool_vector:285 | INFO | 开始从chromadb查询关键词：车位状态
2025-03-13 18:08:40.8262 | search_tool_vector:153 | INFO | ChromaDB 客户端初始化成功，dbid=1860650199248
2025-03-13 18:08:40.8284 | search_tool_vector:160 | INFO | Embedding 函数初始化成功
2025-03-13 18:08:40.8926 | search_tool_vector:168 | INFO | 集合初始化成功：yunwei_knowledge
2025-03-13 18:08:40.8936 | search_tool_vector:320 | INFO | 工具接收的关键词：车位状态
2025-03-13 18:08:41.1921 | search_tool_vector:329 | INFO | 从API获取到 18 条数据
2025-03-13 18:08:41.1928 | search_tool_vector:230 | INFO | 去掉接口文档，总计 11 个文档，42 个文本块
2025-03-13 18:09:00.7522 | search_tool_vector:271 | INFO | 
成功存储 42 个文本块到向量数据库
2025-03-13 18:09:00.7522 | search_tool_vector:276 | INFO | 开始从chromadb查询关键词：车位状态
2025-03-13 18:09:49.3690 | search_tool_vector:153 | INFO | ChromaDB 客户端初始化成功，dbid=2101426278032
2025-03-13 18:09:49.3712 | search_tool_vector:160 | INFO | Embedding 函数初始化成功
2025-03-13 18:09:49.3733 | search_tool_vector:168 | INFO | 集合初始化成功：yunwei_knowledge
2025-03-13 18:09:49.3733 | search_tool_vector:320 | INFO | 工具接收的关键词：车位状态
2025-03-13 18:09:49.6705 | search_tool_vector:329 | INFO | 从API获取到 18 条数据
2025-03-13 18:09:49.6705 | search_tool_vector:230 | INFO | 去掉接口文档，总计 11 个文档，42 个文本块
2025-03-13 18:09:49.6877 | search_tool_vector:244 | INFO | 向量存储跳过已存在的文档块 doc_9268_chunk_1
2025-03-13 18:09:49.6897 | search_tool_vector:244 | INFO | 向量存储跳过已存在的文档块 doc_9724_chunk_1
2025-03-13 18:09:49.6917 | search_tool_vector:244 | INFO | 向量存储跳过已存在的文档块 doc_1845_chunk_1
2025-03-13 18:09:49.6927 | search_tool_vector:244 | INFO | 向量存储跳过已存在的文档块 doc_1845_chunk_2
2025-03-13 18:09:49.6958 | search_tool_vector:244 | INFO | 向量存储跳过已存在的文档块 doc_1845_chunk_3
2025-03-13 18:09:49.6968 | search_tool_vector:244 | INFO | 向量存储跳过已存在的文档块 doc_8137_chunk_1
2025-03-13 18:09:49.6989 | search_tool_vector:244 | INFO | 向量存储跳过已存在的文档块 doc_8336_chunk_1
2025-03-13 18:09:49.7010 | search_tool_vector:244 | INFO | 向量存储跳过已存在的文档块 doc_8388_chunk_1
2025-03-13 18:09:49.7021 | search_tool_vector:244 | INFO | 向量存储跳过已存在的文档块 doc_8729_chunk_1
2025-03-13 18:09:49.7042 | search_tool_vector:244 | INFO | 向量存储跳过已存在的文档块 doc_8729_chunk_2
2025-03-13 18:09:49.7073 | search_tool_vector:244 | INFO | 向量存储跳过已存在的文档块 doc_8729_chunk_3
2025-03-13 18:09:49.7103 | search_tool_vector:244 | INFO | 向量存储跳过已存在的文档块 doc_8729_chunk_4
2025-03-13 18:09:49.7113 | search_tool_vector:244 | INFO | 向量存储跳过已存在的文档块 doc_8729_chunk_5
2025-03-13 18:09:49.7135 | search_tool_vector:244 | INFO | 向量存储跳过已存在的文档块 doc_8729_chunk_6
2025-03-13 18:09:49.7146 | search_tool_vector:244 | INFO | 向量存储跳过已存在的文档块 doc_8733_chunk_1
2025-03-13 18:09:49.7167 | search_tool_vector:244 | INFO | 向量存储跳过已存在的文档块 doc_8733_chunk_2
2025-03-13 18:09:49.7178 | search_tool_vector:244 | INFO | 向量存储跳过已存在的文档块 doc_8733_chunk_3
2025-03-13 18:09:49.7199 | search_tool_vector:244 | INFO | 向量存储跳过已存在的文档块 doc_8733_chunk_4
2025-03-13 18:09:49.7209 | search_tool_vector:244 | INFO | 向量存储跳过已存在的文档块 doc_8733_chunk_5
2025-03-13 18:09:49.7230 | search_tool_vector:244 | INFO | 向量存储跳过已存在的文档块 doc_8733_chunk_6
2025-03-13 18:09:49.7250 | search_tool_vector:244 | INFO | 向量存储跳过已存在的文档块 doc_8733_chunk_7
2025-03-13 18:09:49.7263 | search_tool_vector:244 | INFO | 向量存储跳过已存在的文档块 doc_8733_chunk_8
2025-03-13 18:09:49.7284 | search_tool_vector:244 | INFO | 向量存储跳过已存在的文档块 doc_8733_chunk_9
2025-03-13 18:09:49.7298 | search_tool_vector:244 | INFO | 向量存储跳过已存在的文档块 doc_8733_chunk_10
2025-03-13 18:09:49.7320 | search_tool_vector:244 | INFO | 向量存储跳过已存在的文档块 doc_8733_chunk_11
2025-03-13 18:09:49.7340 | search_tool_vector:244 | INFO | 向量存储跳过已存在的文档块 doc_8733_chunk_12
2025-03-13 18:09:49.7350 | search_tool_vector:244 | INFO | 向量存储跳过已存在的文档块 doc_8733_chunk_13
2025-03-13 18:09:49.7364 | search_tool_vector:244 | INFO | 向量存储跳过已存在的文档块 doc_8733_chunk_14
2025-03-13 18:09:49.7386 | search_tool_vector:244 | INFO | 向量存储跳过已存在的文档块 doc_8733_chunk_15
2025-03-13 18:09:49.7407 | search_tool_vector:244 | INFO | 向量存储跳过已存在的文档块 doc_8733_chunk_16
2025-03-13 18:09:49.7417 | search_tool_vector:244 | INFO | 向量存储跳过已存在的文档块 doc_8733_chunk_17
2025-03-13 18:09:49.7438 | search_tool_vector:244 | INFO | 向量存储跳过已存在的文档块 doc_8733_chunk_18
2025-03-13 18:09:49.7448 | search_tool_vector:244 | INFO | 向量存储跳过已存在的文档块 doc_8733_chunk_19
2025-03-13 18:09:49.7468 | search_tool_vector:244 | INFO | 向量存储跳过已存在的文档块 doc_8746_chunk_1
2025-03-13 18:09:49.7478 | search_tool_vector:244 | INFO | 向量存储跳过已存在的文档块 doc_8746_chunk_2
2025-03-13 18:09:49.7497 | search_tool_vector:244 | INFO | 向量存储跳过已存在的文档块 doc_8746_chunk_3
2025-03-13 18:09:49.7508 | search_tool_vector:244 | INFO | 向量存储跳过已存在的文档块 doc_8747_chunk_1
2025-03-13 18:09:49.7524 | search_tool_vector:244 | INFO | 向量存储跳过已存在的文档块 doc_8747_chunk_2
2025-03-13 18:09:49.7534 | search_tool_vector:244 | INFO | 向量存储跳过已存在的文档块 doc_9439_chunk_1
2025-03-13 18:09:49.7557 | search_tool_vector:244 | INFO | 向量存储跳过已存在的文档块 doc_9439_chunk_2
2025-03-13 18:09:49.7567 | search_tool_vector:244 | INFO | 向量存储跳过已存在的文档块 doc_9439_chunk_3
2025-03-13 18:09:49.7579 | search_tool_vector:244 | INFO | 向量存储跳过已存在的文档块 doc_9439_chunk_4
2025-03-13 18:09:49.7579 | search_tool_vector:271 | INFO | 
成功存储 0 个文本块到向量数据库
2025-03-13 18:09:49.7579 | search_tool_vector:276 | INFO | 开始从chromadb查询关键词：车位状态
2025-03-13 18:10:10.7007 | search_tool_vector:153 | INFO | ChromaDB 客户端初始化成功，dbid=2634865798032
2025-03-13 18:10:10.7017 | search_tool_vector:160 | INFO | Embedding 函数初始化成功
2025-03-13 18:10:10.7597 | search_tool_vector:168 | INFO | 集合初始化成功：yunwei_knowledge
2025-03-13 18:10:10.7597 | search_tool_vector:320 | INFO | 工具接收的关键词：车位状态
2025-03-13 18:10:11.1228 | search_tool_vector:329 | INFO | 从API获取到 18 条数据
2025-03-13 18:10:11.1228 | search_tool_vector:230 | INFO | 去掉接口文档，总计 11 个文档，42 个文本块
2025-03-13 18:10:12.0547 | search_tool_vector:89 | ERROR | 调用 embedding API失败，状态码: 413
2025-03-13 18:10:12.3295 | search_tool_vector:89 | ERROR | 调用 embedding API失败，状态码: 413
2025-03-13 18:10:12.5971 | search_tool_vector:89 | ERROR | 调用 embedding API失败，状态码: 413
2025-03-13 18:10:12.8515 | search_tool_vector:89 | ERROR | 调用 embedding API失败，状态码: 413
2025-03-13 18:10:13.1206 | search_tool_vector:89 | ERROR | 调用 embedding API失败，状态码: 413
2025-03-13 18:10:13.3956 | search_tool_vector:89 | ERROR | 调用 embedding API失败，状态码: 413
2025-03-13 18:10:13.6683 | search_tool_vector:89 | ERROR | 调用 embedding API失败，状态码: 413
2025-03-13 18:10:13.9127 | search_tool_vector:89 | ERROR | 调用 embedding API失败，状态码: 413
2025-03-13 18:10:14.1822 | search_tool_vector:89 | ERROR | 调用 embedding API失败，状态码: 413
2025-03-13 18:10:14.4303 | search_tool_vector:89 | ERROR | 调用 embedding API失败，状态码: 413
2025-03-13 18:10:14.7243 | search_tool_vector:89 | ERROR | 调用 embedding API失败，状态码: 413
2025-03-13 18:10:15.0096 | search_tool_vector:267 | ERROR | 
存储块时出错 (文档 6, 块 5): Embedding dimension 0 does not match collection dimensionality 4096
2025-03-13 18:10:15.2361 | search_tool_vector:89 | ERROR | 调用 embedding API失败，状态码: 413
2025-03-13 18:10:15.4949 | search_tool_vector:89 | ERROR | 调用 embedding API失败，状态码: 413
2025-03-13 18:10:15.8638 | search_tool_vector:89 | ERROR | 调用 embedding API失败，状态码: 413
2025-03-13 18:10:16.1258 | search_tool_vector:89 | ERROR | 调用 embedding API失败，状态码: 413
2025-03-13 18:10:16.3949 | search_tool_vector:89 | ERROR | 调用 embedding API失败，状态码: 413
2025-03-13 18:10:16.7437 | search_tool_vector:89 | ERROR | 调用 embedding API失败，状态码: 413
2025-03-13 18:10:16.9980 | search_tool_vector:89 | ERROR | 调用 embedding API失败，状态码: 413
2025-03-13 18:10:17.2958 | search_tool_vector:89 | ERROR | 调用 embedding API失败，状态码: 413
2025-03-13 18:10:17.5570 | search_tool_vector:89 | ERROR | 调用 embedding API失败，状态码: 413
2025-03-13 18:10:17.8153 | search_tool_vector:89 | ERROR | 调用 embedding API失败，状态码: 413
2025-03-13 18:10:18.0727 | search_tool_vector:89 | ERROR | 调用 embedding API失败，状态码: 413
2025-03-13 18:10:18.3162 | search_tool_vector:89 | ERROR | 调用 embedding API失败，状态码: 413
2025-03-13 18:10:18.5742 | search_tool_vector:89 | ERROR | 调用 embedding API失败，状态码: 413
2025-03-13 18:10:18.8459 | search_tool_vector:89 | ERROR | 调用 embedding API失败，状态码: 413
2025-03-13 18:10:19.1062 | search_tool_vector:89 | ERROR | 调用 embedding API失败，状态码: 413
2025-03-13 18:10:19.4537 | search_tool_vector:89 | ERROR | 调用 embedding API失败，状态码: 413
2025-03-13 18:10:19.7793 | search_tool_vector:89 | ERROR | 调用 embedding API失败，状态码: 413
2025-03-13 18:10:20.0357 | search_tool_vector:89 | ERROR | 调用 embedding API失败，状态码: 413
2025-03-13 18:10:20.3331 | search_tool_vector:267 | ERROR | 
存储块时出错 (文档 7, 块 18): Embedding dimension 0 does not match collection dimensionality 4096
2025-03-13 18:10:20.5737 | search_tool_vector:89 | ERROR | 调用 embedding API失败，状态码: 413
2025-03-13 18:10:20.9266 | search_tool_vector:89 | ERROR | 调用 embedding API失败，状态码: 413
2025-03-13 18:10:21.2162 | search_tool_vector:89 | ERROR | 调用 embedding API失败，状态码: 413
2025-03-13 18:10:21.4999 | search_tool_vector:89 | ERROR | 调用 embedding API失败，状态码: 413
2025-03-13 18:10:21.8396 | search_tool_vector:89 | ERROR | 调用 embedding API失败，状态码: 413
2025-03-13 18:10:22.1096 | search_tool_vector:89 | ERROR | 调用 embedding API失败，状态码: 413
2025-03-13 18:10:22.5788 | search_tool_vector:89 | ERROR | 调用 embedding API失败，状态码: 413
2025-03-13 18:10:22.9097 | search_tool_vector:89 | ERROR | 调用 embedding API失败，状态码: 413
2025-03-13 18:10:23.5069 | search_tool_vector:267 | ERROR | 
存储块时出错 (文档 10, 块 3): Embedding dimension 0 does not match collection dimensionality 4096
2025-03-13 18:10:23.5069 | search_tool_vector:271 | INFO | 
成功存储 39 个文本块到向量数据库
2025-03-13 18:10:23.5079 | search_tool_vector:276 | INFO | 开始从chromadb查询关键词：车位状态
2025-03-13 18:12:00.4517 | search_tool_vector:153 | INFO | ChromaDB 客户端初始化成功，dbid=2252213313040
2025-03-13 18:12:00.4537 | search_tool_vector:160 | INFO | Embedding 函数初始化成功
2025-03-13 18:12:00.5129 | search_tool_vector:168 | INFO | 集合初始化成功：yunwei_knowledge
2025-03-13 18:12:00.5139 | search_tool_vector:320 | INFO | 工具接收的关键词：车位状态
2025-03-13 18:12:00.7955 | search_tool_vector:329 | INFO | 从API获取到 18 条数据
2025-03-13 18:12:00.7955 | search_tool_vector:230 | INFO | 去掉接口文档，总计 11 个文档，42 个文本块
2025-03-13 18:12:15.5444 | search_tool_vector:271 | INFO | 
成功存储 42 个文本块到向量数据库
2025-03-13 18:12:15.5454 | search_tool_vector:276 | INFO | 开始从chromadb查询关键词：车位状态
2025-03-13 18:13:40.5591 | search_tool_vector:153 | INFO | ChromaDB 客户端初始化成功，dbid=2463945653840
2025-03-13 18:13:40.5601 | search_tool_vector:160 | INFO | Embedding 函数初始化成功
2025-03-13 18:13:40.5622 | search_tool_vector:168 | INFO | 集合初始化成功：yunwei_knowledge
2025-03-13 18:13:40.5622 | search_tool_vector:276 | INFO | 开始从chromadb查询关键词：车位状态
