2025-03-13 17:28:50.7915 | search_tool_vector:151 | INFO | ChromaDB 客户端初始化成功，dbid=1903371656144
2025-03-13 17:28:50.7928 | search_tool_vector:161 | INFO | Embedding 函数初始化成功
2025-03-13 17:28:50.8534 | search_tool_vector:169 | INFO | 集合初始化成功：yunwei_knowledge
2025-03-13 17:28:50.8544 | search_tool_vector:320 | INFO | 工具接收的关键词：车位状态
2025-03-13 17:28:51.1431 | search_tool_vector:329 | INFO | 从API获取到 18 条数据
2025-03-13 17:28:51.1431 | search_tool_vector:231 | INFO | 去掉接口文档，总计 11 个文档，42 个文本块
2025-03-13 17:29:04.2313 | search_tool_vector:272 | INFO | 
成功存储 42 个文本块到向量数据库
2025-03-13 17:29:04.2313 | search_tool_vector:277 | INFO | 开始从chromadb查询关键词：车位状态
2025-03-13 17:30:39.0505 | search_tool_vector:151 | INFO | ChromaDB 客户端初始化成功，dbid=1533753371920
2025-03-13 17:30:39.0525 | search_tool_vector:158 | INFO | Embedding 函数初始化成功
2025-03-13 17:30:39.0975 | search_tool_vector:166 | INFO | 集合初始化成功：yunwei_knowledge
2025-03-13 17:30:39.0988 | search_tool_vector:317 | INFO | 工具接收的关键词：车位状态
2025-03-13 17:30:39.4344 | search_tool_vector:326 | INFO | 从API获取到 18 条数据
2025-03-13 17:30:39.4344 | search_tool_vector:228 | INFO | 去掉接口文档，总计 11 个文档，42 个文本块
2025-03-13 17:33:44.0414 | search_tool_vector:269 | INFO | 
成功存储 42 个文本块到向量数据库
2025-03-13 17:33:44.0424 | search_tool_vector:274 | INFO | 开始从chromadb查询关键词：车位状态
2025-03-13 17:43:42.0361 | search_tool_vector:151 | INFO | ChromaDB 客户端初始化成功，dbid=2696187179216
2025-03-13 17:43:42.0378 | search_tool_vector:158 | INFO | Embedding 函数初始化成功
2025-03-13 17:43:42.0388 | search_tool_vector:166 | INFO | 集合初始化成功：yunwei_knowledge
2025-03-13 17:43:42.0388 | search_tool_vector:317 | INFO | 工具接收的关键词：车位状态
2025-03-13 17:43:42.3314 | search_tool_vector:326 | INFO | 从API获取到 18 条数据
2025-03-13 17:43:42.3314 | search_tool_vector:228 | INFO | 去掉接口文档，总计 11 个文档，42 个文本块
2025-03-13 17:43:42.3494 | search_tool_vector:242 | INFO | 向量存储跳过已存在的文档块 doc_9268_chunk_1
2025-03-13 17:43:42.3504 | search_tool_vector:242 | INFO | 向量存储跳过已存在的文档块 doc_9724_chunk_1
2025-03-13 17:43:42.3515 | search_tool_vector:242 | INFO | 向量存储跳过已存在的文档块 doc_1845_chunk_1
2025-03-13 17:43:42.3525 | search_tool_vector:242 | INFO | 向量存储跳过已存在的文档块 doc_1845_chunk_2
2025-03-13 17:43:42.3535 | search_tool_vector:242 | INFO | 向量存储跳过已存在的文档块 doc_1845_chunk_3
2025-03-13 17:43:42.3545 | search_tool_vector:242 | INFO | 向量存储跳过已存在的文档块 doc_8137_chunk_1
2025-03-13 17:43:42.3557 | search_tool_vector:242 | INFO | 向量存储跳过已存在的文档块 doc_8336_chunk_1
2025-03-13 17:43:42.3567 | search_tool_vector:242 | INFO | 向量存储跳过已存在的文档块 doc_8388_chunk_1
2025-03-13 17:43:42.3578 | search_tool_vector:242 | INFO | 向量存储跳过已存在的文档块 doc_8729_chunk_1
2025-03-13 17:43:42.3588 | search_tool_vector:242 | INFO | 向量存储跳过已存在的文档块 doc_8729_chunk_2
2025-03-13 17:43:42.3599 | search_tool_vector:242 | INFO | 向量存储跳过已存在的文档块 doc_8729_chunk_3
2025-03-13 17:43:42.3609 | search_tool_vector:242 | INFO | 向量存储跳过已存在的文档块 doc_8729_chunk_4
2025-03-13 17:43:42.3619 | search_tool_vector:242 | INFO | 向量存储跳过已存在的文档块 doc_8729_chunk_5
2025-03-13 17:43:42.3629 | search_tool_vector:242 | INFO | 向量存储跳过已存在的文档块 doc_8729_chunk_6
2025-03-13 17:43:42.3640 | search_tool_vector:242 | INFO | 向量存储跳过已存在的文档块 doc_8733_chunk_1
2025-03-13 17:43:42.3650 | search_tool_vector:242 | INFO | 向量存储跳过已存在的文档块 doc_8733_chunk_2
2025-03-13 17:43:42.3660 | search_tool_vector:242 | INFO | 向量存储跳过已存在的文档块 doc_8733_chunk_3
2025-03-13 17:43:42.3671 | search_tool_vector:242 | INFO | 向量存储跳过已存在的文档块 doc_8733_chunk_4
2025-03-13 17:43:42.3681 | search_tool_vector:242 | INFO | 向量存储跳过已存在的文档块 doc_8733_chunk_5
2025-03-13 17:43:42.3691 | search_tool_vector:242 | INFO | 向量存储跳过已存在的文档块 doc_8733_chunk_6
2025-03-13 17:43:42.3701 | search_tool_vector:242 | INFO | 向量存储跳过已存在的文档块 doc_8733_chunk_7
2025-03-13 17:43:42.3724 | search_tool_vector:242 | INFO | 向量存储跳过已存在的文档块 doc_8733_chunk_8
2025-03-13 17:43:42.3734 | search_tool_vector:242 | INFO | 向量存储跳过已存在的文档块 doc_8733_chunk_9
2025-03-13 17:43:42.3744 | search_tool_vector:242 | INFO | 向量存储跳过已存在的文档块 doc_8733_chunk_10
2025-03-13 17:43:42.3755 | search_tool_vector:242 | INFO | 向量存储跳过已存在的文档块 doc_8733_chunk_11
2025-03-13 17:43:42.3766 | search_tool_vector:242 | INFO | 向量存储跳过已存在的文档块 doc_8733_chunk_12
2025-03-13 17:43:42.3776 | search_tool_vector:242 | INFO | 向量存储跳过已存在的文档块 doc_8733_chunk_13
2025-03-13 17:43:42.3788 | search_tool_vector:242 | INFO | 向量存储跳过已存在的文档块 doc_8733_chunk_14
2025-03-13 17:43:42.3799 | search_tool_vector:242 | INFO | 向量存储跳过已存在的文档块 doc_8733_chunk_15
2025-03-13 17:43:42.3810 | search_tool_vector:242 | INFO | 向量存储跳过已存在的文档块 doc_8733_chunk_16
2025-03-13 17:43:42.3820 | search_tool_vector:242 | INFO | 向量存储跳过已存在的文档块 doc_8733_chunk_17
2025-03-13 17:43:42.3820 | search_tool_vector:242 | INFO | 向量存储跳过已存在的文档块 doc_8733_chunk_18
2025-03-13 17:43:42.3835 | search_tool_vector:242 | INFO | 向量存储跳过已存在的文档块 doc_8733_chunk_19
2025-03-13 17:43:42.3846 | search_tool_vector:242 | INFO | 向量存储跳过已存在的文档块 doc_8746_chunk_1
2025-03-13 17:43:42.3858 | search_tool_vector:242 | INFO | 向量存储跳过已存在的文档块 doc_8746_chunk_2
2025-03-13 17:43:42.3871 | search_tool_vector:242 | INFO | 向量存储跳过已存在的文档块 doc_8746_chunk_3
2025-03-13 17:43:42.3892 | search_tool_vector:242 | INFO | 向量存储跳过已存在的文档块 doc_8747_chunk_1
2025-03-13 17:43:42.3903 | search_tool_vector:242 | INFO | 向量存储跳过已存在的文档块 doc_8747_chunk_2
2025-03-13 17:43:42.3913 | search_tool_vector:242 | INFO | 向量存储跳过已存在的文档块 doc_9439_chunk_1
2025-03-13 17:43:42.3923 | search_tool_vector:242 | INFO | 向量存储跳过已存在的文档块 doc_9439_chunk_2
2025-03-13 17:43:42.3934 | search_tool_vector:242 | INFO | 向量存储跳过已存在的文档块 doc_9439_chunk_3
2025-03-13 17:43:42.3934 | search_tool_vector:242 | INFO | 向量存储跳过已存在的文档块 doc_9439_chunk_4
2025-03-13 17:43:42.3944 | search_tool_vector:269 | INFO | 
成功存储 0 个文本块到向量数据库
2025-03-13 17:43:42.3944 | search_tool_vector:274 | INFO | 开始从chromadb查询关键词：车位状态
2025-03-13 17:45:20.4946 | search_tool_vector:151 | INFO | ChromaDB 客户端初始化成功，dbid=1961806044368
2025-03-13 17:45:20.4958 | search_tool_vector:158 | INFO | Embedding 函数初始化成功
2025-03-13 17:45:20.5537 | search_tool_vector:166 | INFO | 集合初始化成功：yunwei_knowledge
2025-03-13 17:45:20.5537 | search_tool_vector:317 | INFO | 工具接收的关键词：车位状态
2025-03-13 17:45:20.8337 | search_tool_vector:326 | INFO | 从API获取到 18 条数据
2025-03-13 17:45:20.8337 | search_tool_vector:228 | INFO | 去掉接口文档，总计 11 个文档，42 个文本块
2025-03-13 17:45:33.8242 | search_tool_vector:269 | INFO | 
成功存储 42 个文本块到向量数据库
2025-03-13 17:45:33.8242 | search_tool_vector:274 | INFO | 开始从chromadb查询关键词：车位状态
2025-03-13 17:46:22.2244 | search_tool_vector:151 | INFO | ChromaDB 客户端初始化成功，dbid=2793337206992
2025-03-13 17:46:22.2254 | search_tool_vector:158 | INFO | Embedding 函数初始化成功
2025-03-13 17:46:22.2285 | search_tool_vector:166 | INFO | 集合初始化成功：yunwei_knowledge
2025-03-13 17:46:22.2285 | search_tool_vector:317 | INFO | 工具接收的关键词：车位状态
2025-03-13 17:46:22.5148 | search_tool_vector:326 | INFO | 从API获取到 18 条数据
2025-03-13 17:46:22.5148 | search_tool_vector:228 | INFO | 去掉接口文档，总计 11 个文档，42 个文本块
2025-03-13 17:46:22.5312 | search_tool_vector:242 | INFO | 向量存储跳过已存在的文档块 doc_9268_chunk_1
2025-03-13 17:46:22.5322 | search_tool_vector:242 | INFO | 向量存储跳过已存在的文档块 doc_9724_chunk_1
2025-03-13 17:46:22.5342 | search_tool_vector:242 | INFO | 向量存储跳过已存在的文档块 doc_1845_chunk_1
2025-03-13 17:46:22.5352 | search_tool_vector:242 | INFO | 向量存储跳过已存在的文档块 doc_1845_chunk_2
2025-03-13 17:46:22.5379 | search_tool_vector:242 | INFO | 向量存储跳过已存在的文档块 doc_1845_chunk_3
2025-03-13 17:46:22.5392 | search_tool_vector:242 | INFO | 向量存储跳过已存在的文档块 doc_8137_chunk_1
2025-03-13 17:46:22.5404 | search_tool_vector:242 | INFO | 向量存储跳过已存在的文档块 doc_8336_chunk_1
2025-03-13 17:46:22.5414 | search_tool_vector:242 | INFO | 向量存储跳过已存在的文档块 doc_8388_chunk_1
2025-03-13 17:46:22.5426 | search_tool_vector:242 | INFO | 向量存储跳过已存在的文档块 doc_8729_chunk_1
2025-03-13 17:46:22.5441 | search_tool_vector:242 | INFO | 向量存储跳过已存在的文档块 doc_8729_chunk_2
2025-03-13 17:46:22.5454 | search_tool_vector:242 | INFO | 向量存储跳过已存在的文档块 doc_8729_chunk_3
2025-03-13 17:46:22.5468 | search_tool_vector:242 | INFO | 向量存储跳过已存在的文档块 doc_8729_chunk_4
2025-03-13 17:46:22.5489 | search_tool_vector:242 | INFO | 向量存储跳过已存在的文档块 doc_8729_chunk_5
2025-03-13 17:46:22.5509 | search_tool_vector:242 | INFO | 向量存储跳过已存在的文档块 doc_8729_chunk_6
2025-03-13 17:46:22.5519 | search_tool_vector:242 | INFO | 向量存储跳过已存在的文档块 doc_8733_chunk_1
2025-03-13 17:46:22.5530 | search_tool_vector:242 | INFO | 向量存储跳过已存在的文档块 doc_8733_chunk_2
2025-03-13 17:46:22.5551 | search_tool_vector:242 | INFO | 向量存储跳过已存在的文档块 doc_8733_chunk_3
2025-03-13 17:46:22.5561 | search_tool_vector:242 | INFO | 向量存储跳过已存在的文档块 doc_8733_chunk_4
2025-03-13 17:46:22.5571 | search_tool_vector:242 | INFO | 向量存储跳过已存在的文档块 doc_8733_chunk_5
2025-03-13 17:46:22.5581 | search_tool_vector:242 | INFO | 向量存储跳过已存在的文档块 doc_8733_chunk_6
2025-03-13 17:46:22.5605 | search_tool_vector:242 | INFO | 向量存储跳过已存在的文档块 doc_8733_chunk_7
2025-03-13 17:46:22.5615 | search_tool_vector:242 | INFO | 向量存储跳过已存在的文档块 doc_8733_chunk_8
2025-03-13 17:46:22.5625 | search_tool_vector:242 | INFO | 向量存储跳过已存在的文档块 doc_8733_chunk_9
2025-03-13 17:46:22.5636 | search_tool_vector:242 | INFO | 向量存储跳过已存在的文档块 doc_8733_chunk_10
2025-03-13 17:46:22.5657 | search_tool_vector:242 | INFO | 向量存储跳过已存在的文档块 doc_8733_chunk_11
2025-03-13 17:46:22.5677 | search_tool_vector:242 | INFO | 向量存储跳过已存在的文档块 doc_8733_chunk_12
2025-03-13 17:46:22.5687 | search_tool_vector:242 | INFO | 向量存储跳过已存在的文档块 doc_8733_chunk_13
2025-03-13 17:46:22.5698 | search_tool_vector:242 | INFO | 向量存储跳过已存在的文档块 doc_8733_chunk_14
2025-03-13 17:46:22.5709 | search_tool_vector:242 | INFO | 向量存储跳过已存在的文档块 doc_8733_chunk_15
2025-03-13 17:46:22.5729 | search_tool_vector:242 | INFO | 向量存储跳过已存在的文档块 doc_8733_chunk_16
2025-03-13 17:46:22.5739 | search_tool_vector:242 | INFO | 向量存储跳过已存在的文档块 doc_8733_chunk_17
2025-03-13 17:46:22.5749 | search_tool_vector:242 | INFO | 向量存储跳过已存在的文档块 doc_8733_chunk_18
2025-03-13 17:46:22.5760 | search_tool_vector:242 | INFO | 向量存储跳过已存在的文档块 doc_8733_chunk_19
2025-03-13 17:46:22.5771 | search_tool_vector:242 | INFO | 向量存储跳过已存在的文档块 doc_8746_chunk_1
2025-03-13 17:46:22.5782 | search_tool_vector:242 | INFO | 向量存储跳过已存在的文档块 doc_8746_chunk_2
2025-03-13 17:46:22.5794 | search_tool_vector:242 | INFO | 向量存储跳过已存在的文档块 doc_8746_chunk_3
2025-03-13 17:46:22.5821 | search_tool_vector:242 | INFO | 向量存储跳过已存在的文档块 doc_8747_chunk_1
2025-03-13 17:46:22.5837 | search_tool_vector:242 | INFO | 向量存储跳过已存在的文档块 doc_8747_chunk_2
2025-03-13 17:46:22.5847 | search_tool_vector:242 | INFO | 向量存储跳过已存在的文档块 doc_9439_chunk_1
2025-03-13 17:46:22.5867 | search_tool_vector:242 | INFO | 向量存储跳过已存在的文档块 doc_9439_chunk_2
2025-03-13 17:46:22.5878 | search_tool_vector:242 | INFO | 向量存储跳过已存在的文档块 doc_9439_chunk_3
2025-03-13 17:46:22.5888 | search_tool_vector:242 | INFO | 向量存储跳过已存在的文档块 doc_9439_chunk_4
2025-03-13 17:46:22.5888 | search_tool_vector:269 | INFO | 
成功存储 0 个文本块到向量数据库
2025-03-13 17:46:22.5888 | search_tool_vector:274 | INFO | 开始从chromadb查询关键词：车位状态
2025-03-13 17:46:45.2162 | search_tool_vector:151 | INFO | ChromaDB 客户端初始化成功，dbid=2304567505744
2025-03-13 17:46:45.2173 | search_tool_vector:158 | INFO | Embedding 函数初始化成功
2025-03-13 17:46:45.2196 | search_tool_vector:166 | INFO | 集合初始化成功：yunwei_knowledge
2025-03-13 17:46:45.2196 | search_tool_vector:317 | INFO | 工具接收的关键词：车位状态
2025-03-13 17:46:45.5404 | search_tool_vector:326 | INFO | 从API获取到 18 条数据
2025-03-13 17:46:45.5409 | search_tool_vector:228 | INFO | 去掉接口文档，总计 11 个文档，42 个文本块
2025-03-13 17:46:45.5581 | search_tool_vector:242 | INFO | 向量存储跳过已存在的文档块 doc_9268_chunk_1
2025-03-13 17:46:45.5592 | search_tool_vector:242 | INFO | 向量存储跳过已存在的文档块 doc_9724_chunk_1
2025-03-13 17:46:45.5602 | search_tool_vector:242 | INFO | 向量存储跳过已存在的文档块 doc_1845_chunk_1
2025-03-13 17:46:45.5624 | search_tool_vector:242 | INFO | 向量存储跳过已存在的文档块 doc_1845_chunk_2
2025-03-13 17:46:45.5634 | search_tool_vector:242 | INFO | 向量存储跳过已存在的文档块 doc_1845_chunk_3
2025-03-13 17:46:45.5655 | search_tool_vector:242 | INFO | 向量存储跳过已存在的文档块 doc_8137_chunk_1
2025-03-13 17:46:45.5675 | search_tool_vector:242 | INFO | 向量存储跳过已存在的文档块 doc_8336_chunk_1
2025-03-13 17:46:45.5703 | search_tool_vector:242 | INFO | 向量存储跳过已存在的文档块 doc_8388_chunk_1
2025-03-13 17:46:45.5713 | search_tool_vector:242 | INFO | 向量存储跳过已存在的文档块 doc_8729_chunk_1
2025-03-13 17:46:45.5733 | search_tool_vector:242 | INFO | 向量存储跳过已存在的文档块 doc_8729_chunk_2
2025-03-13 17:46:45.5743 | search_tool_vector:242 | INFO | 向量存储跳过已存在的文档块 doc_8729_chunk_3
2025-03-13 17:46:45.5756 | search_tool_vector:242 | INFO | 向量存储跳过已存在的文档块 doc_8729_chunk_4
2025-03-13 17:46:45.5770 | search_tool_vector:242 | INFO | 向量存储跳过已存在的文档块 doc_8729_chunk_5
2025-03-13 17:46:45.5782 | search_tool_vector:242 | INFO | 向量存储跳过已存在的文档块 doc_8729_chunk_6
2025-03-13 17:46:45.5794 | search_tool_vector:242 | INFO | 向量存储跳过已存在的文档块 doc_8733_chunk_1
2025-03-13 17:46:45.5807 | search_tool_vector:242 | INFO | 向量存储跳过已存在的文档块 doc_8733_chunk_2
2025-03-13 17:46:45.5828 | search_tool_vector:242 | INFO | 向量存储跳过已存在的文档块 doc_8733_chunk_3
2025-03-13 17:46:45.5839 | search_tool_vector:242 | INFO | 向量存储跳过已存在的文档块 doc_8733_chunk_4
2025-03-13 17:46:45.5854 | search_tool_vector:242 | INFO | 向量存储跳过已存在的文档块 doc_8733_chunk_5
2025-03-13 17:46:45.5864 | search_tool_vector:242 | INFO | 向量存储跳过已存在的文档块 doc_8733_chunk_6
2025-03-13 17:46:45.5874 | search_tool_vector:242 | INFO | 向量存储跳过已存在的文档块 doc_8733_chunk_7
2025-03-13 17:46:45.5888 | search_tool_vector:242 | INFO | 向量存储跳过已存在的文档块 doc_8733_chunk_8
2025-03-13 17:46:45.5909 | search_tool_vector:242 | INFO | 向量存储跳过已存在的文档块 doc_8733_chunk_9
2025-03-13 17:46:45.5919 | search_tool_vector:242 | INFO | 向量存储跳过已存在的文档块 doc_8733_chunk_10
2025-03-13 17:46:45.5929 | search_tool_vector:242 | INFO | 向量存储跳过已存在的文档块 doc_8733_chunk_11
2025-03-13 17:46:45.5939 | search_tool_vector:242 | INFO | 向量存储跳过已存在的文档块 doc_8733_chunk_12
2025-03-13 17:46:45.5952 | search_tool_vector:242 | INFO | 向量存储跳过已存在的文档块 doc_8733_chunk_13
2025-03-13 17:46:45.5964 | search_tool_vector:242 | INFO | 向量存储跳过已存在的文档块 doc_8733_chunk_14
2025-03-13 17:46:45.5986 | search_tool_vector:242 | INFO | 向量存储跳过已存在的文档块 doc_8733_chunk_15
2025-03-13 17:46:45.5996 | search_tool_vector:242 | INFO | 向量存储跳过已存在的文档块 doc_8733_chunk_16
2025-03-13 17:46:45.6007 | search_tool_vector:242 | INFO | 向量存储跳过已存在的文档块 doc_8733_chunk_17
2025-03-13 17:46:45.6020 | search_tool_vector:242 | INFO | 向量存储跳过已存在的文档块 doc_8733_chunk_18
2025-03-13 17:46:45.6032 | search_tool_vector:242 | INFO | 向量存储跳过已存在的文档块 doc_8733_chunk_19
2025-03-13 17:46:45.6042 | search_tool_vector:242 | INFO | 向量存储跳过已存在的文档块 doc_8746_chunk_1
2025-03-13 17:46:45.6052 | search_tool_vector:242 | INFO | 向量存储跳过已存在的文档块 doc_8746_chunk_2
2025-03-13 17:46:45.6062 | search_tool_vector:242 | INFO | 向量存储跳过已存在的文档块 doc_8746_chunk_3
2025-03-13 17:46:45.6074 | search_tool_vector:242 | INFO | 向量存储跳过已存在的文档块 doc_8747_chunk_1
2025-03-13 17:46:45.6085 | search_tool_vector:242 | INFO | 向量存储跳过已存在的文档块 doc_8747_chunk_2
2025-03-13 17:46:45.6097 | search_tool_vector:242 | INFO | 向量存储跳过已存在的文档块 doc_9439_chunk_1
2025-03-13 17:46:45.6108 | search_tool_vector:242 | INFO | 向量存储跳过已存在的文档块 doc_9439_chunk_2
2025-03-13 17:46:45.6133 | search_tool_vector:242 | INFO | 向量存储跳过已存在的文档块 doc_9439_chunk_3
2025-03-13 17:46:45.6143 | search_tool_vector:242 | INFO | 向量存储跳过已存在的文档块 doc_9439_chunk_4
2025-03-13 17:46:45.6143 | search_tool_vector:269 | INFO | 
成功存储 0 个文本块到向量数据库
2025-03-13 17:46:45.6143 | search_tool_vector:274 | INFO | 开始从chromadb查询关键词：车位状态
2025-03-13 17:47:34.7936 | search_tool_vector:151 | INFO | ChromaDB 客户端初始化成功，dbid=2081329669648
2025-03-13 17:47:34.7955 | search_tool_vector:158 | INFO | Embedding 函数初始化成功
2025-03-13 17:47:34.8308 | search_tool_vector:166 | INFO | 集合初始化成功：yunwei_knowledge
2025-03-13 17:47:34.8318 | search_tool_vector:317 | INFO | 工具接收的关键词：车位状态
2025-03-13 17:47:35.2090 | search_tool_vector:326 | INFO | 从API获取到 18 条数据
2025-03-13 17:47:35.2090 | search_tool_vector:228 | INFO | 去掉接口文档，总计 11 个文档，42 个文本块
2025-03-13 17:47:48.9170 | search_tool_vector:269 | INFO | 
成功存储 42 个文本块到向量数据库
2025-03-13 17:47:48.9170 | search_tool_vector:274 | INFO | 开始从chromadb查询关键词：车位状态
2025-03-13 17:48:55.7746 | search_tool_vector:151 | INFO | ChromaDB 客户端初始化成功，dbid=1980432482128
2025-03-13 17:48:55.7768 | search_tool_vector:158 | INFO | Embedding 函数初始化成功
2025-03-13 17:48:55.7801 | search_tool_vector:166 | INFO | 集合初始化成功：yunwei_knowledge
2025-03-13 17:48:55.7801 | search_tool_vector:318 | INFO | 工具接收的关键词：车位状态
2025-03-13 17:48:56.0452 | search_tool_vector:327 | INFO | 从API获取到 18 条数据
2025-03-13 17:48:56.0452 | search_tool_vector:228 | INFO | 去掉接口文档，总计 11 个文档，42 个文本块
2025-03-13 17:48:56.0621 | search_tool_vector:242 | INFO | 向量存储跳过已存在的文档块 doc_9268_chunk_1
2025-03-13 17:48:56.0636 | search_tool_vector:242 | INFO | 向量存储跳过已存在的文档块 doc_9724_chunk_1
2025-03-13 17:48:56.0646 | search_tool_vector:242 | INFO | 向量存储跳过已存在的文档块 doc_1845_chunk_1
2025-03-13 17:48:56.0656 | search_tool_vector:242 | INFO | 向量存储跳过已存在的文档块 doc_1845_chunk_2
2025-03-13 17:48:56.0668 | search_tool_vector:242 | INFO | 向量存储跳过已存在的文档块 doc_1845_chunk_3
2025-03-13 17:48:56.0680 | search_tool_vector:242 | INFO | 向量存储跳过已存在的文档块 doc_8137_chunk_1
2025-03-13 17:48:56.0703 | search_tool_vector:242 | INFO | 向量存储跳过已存在的文档块 doc_8336_chunk_1
2025-03-13 17:48:56.0718 | search_tool_vector:242 | INFO | 向量存储跳过已存在的文档块 doc_8388_chunk_1
2025-03-13 17:48:56.0738 | search_tool_vector:242 | INFO | 向量存储跳过已存在的文档块 doc_8729_chunk_1
2025-03-13 17:48:56.0748 | search_tool_vector:242 | INFO | 向量存储跳过已存在的文档块 doc_8729_chunk_2
2025-03-13 17:48:56.0761 | search_tool_vector:242 | INFO | 向量存储跳过已存在的文档块 doc_8729_chunk_3
2025-03-13 17:48:56.0772 | search_tool_vector:242 | INFO | 向量存储跳过已存在的文档块 doc_8729_chunk_4
2025-03-13 17:48:56.0784 | search_tool_vector:242 | INFO | 向量存储跳过已存在的文档块 doc_8729_chunk_5
2025-03-13 17:48:56.0797 | search_tool_vector:242 | INFO | 向量存储跳过已存在的文档块 doc_8729_chunk_6
2025-03-13 17:48:56.0810 | search_tool_vector:242 | INFO | 向量存储跳过已存在的文档块 doc_8733_chunk_1
2025-03-13 17:48:56.0820 | search_tool_vector:242 | INFO | 向量存储跳过已存在的文档块 doc_8733_chunk_2
2025-03-13 17:48:56.0844 | search_tool_vector:242 | INFO | 向量存储跳过已存在的文档块 doc_8733_chunk_3
2025-03-13 17:48:56.0854 | search_tool_vector:242 | INFO | 向量存储跳过已存在的文档块 doc_8733_chunk_4
2025-03-13 17:48:56.0876 | search_tool_vector:242 | INFO | 向量存储跳过已存在的文档块 doc_8733_chunk_5
2025-03-13 17:48:56.0897 | search_tool_vector:242 | INFO | 向量存储跳过已存在的文档块 doc_8733_chunk_6
2025-03-13 17:48:56.0908 | search_tool_vector:242 | INFO | 向量存储跳过已存在的文档块 doc_8733_chunk_7
2025-03-13 17:48:56.0922 | search_tool_vector:242 | INFO | 向量存储跳过已存在的文档块 doc_8733_chunk_8
2025-03-13 17:48:56.0934 | search_tool_vector:242 | INFO | 向量存储跳过已存在的文档块 doc_8733_chunk_9
2025-03-13 17:48:56.0946 | search_tool_vector:242 | INFO | 向量存储跳过已存在的文档块 doc_8733_chunk_10
2025-03-13 17:48:56.0968 | search_tool_vector:242 | INFO | 向量存储跳过已存在的文档块 doc_8733_chunk_11
2025-03-13 17:48:56.0989 | search_tool_vector:242 | INFO | 向量存储跳过已存在的文档块 doc_8733_chunk_12
2025-03-13 17:48:56.0999 | search_tool_vector:242 | INFO | 向量存储跳过已存在的文档块 doc_8733_chunk_13
2025-03-13 17:48:56.1012 | search_tool_vector:242 | INFO | 向量存储跳过已存在的文档块 doc_8733_chunk_14
2025-03-13 17:48:56.1035 | search_tool_vector:242 | INFO | 向量存储跳过已存在的文档块 doc_8733_chunk_15
2025-03-13 17:48:56.1046 | search_tool_vector:242 | INFO | 向量存储跳过已存在的文档块 doc_8733_chunk_16
2025-03-13 17:48:56.1057 | search_tool_vector:242 | INFO | 向量存储跳过已存在的文档块 doc_8733_chunk_17
2025-03-13 17:48:56.1067 | search_tool_vector:242 | INFO | 向量存储跳过已存在的文档块 doc_8733_chunk_18
2025-03-13 17:48:56.1079 | search_tool_vector:242 | INFO | 向量存储跳过已存在的文档块 doc_8733_chunk_19
2025-03-13 17:48:56.1089 | search_tool_vector:242 | INFO | 向量存储跳过已存在的文档块 doc_8746_chunk_1
2025-03-13 17:48:56.1104 | search_tool_vector:242 | INFO | 向量存储跳过已存在的文档块 doc_8746_chunk_2
2025-03-13 17:48:56.1114 | search_tool_vector:242 | INFO | 向量存储跳过已存在的文档块 doc_8746_chunk_3
2025-03-13 17:48:56.1128 | search_tool_vector:242 | INFO | 向量存储跳过已存在的文档块 doc_8747_chunk_1
2025-03-13 17:48:56.1141 | search_tool_vector:242 | INFO | 向量存储跳过已存在的文档块 doc_8747_chunk_2
2025-03-13 17:48:56.1154 | search_tool_vector:242 | INFO | 向量存储跳过已存在的文档块 doc_9439_chunk_1
2025-03-13 17:48:56.1165 | search_tool_vector:242 | INFO | 向量存储跳过已存在的文档块 doc_9439_chunk_2
2025-03-13 17:48:56.1176 | search_tool_vector:242 | INFO | 向量存储跳过已存在的文档块 doc_9439_chunk_3
2025-03-13 17:48:56.1188 | search_tool_vector:242 | INFO | 向量存储跳过已存在的文档块 doc_9439_chunk_4
2025-03-13 17:48:56.1199 | search_tool_vector:269 | INFO | 
成功存储 0 个文本块到向量数据库
2025-03-13 17:48:56.1199 | search_tool_vector:274 | INFO | 开始从chromadb查询关键词：车位状态
2025-03-13 17:50:03.5261 | search_tool_vector:151 | INFO | ChromaDB 客户端初始化成功，dbid=2974834446480
2025-03-13 17:50:03.5281 | search_tool_vector:158 | INFO | Embedding 函数初始化成功
2025-03-13 17:50:03.5302 | search_tool_vector:166 | INFO | 集合初始化成功：yunwei_knowledge
2025-03-13 17:50:03.5302 | search_tool_vector:318 | INFO | 工具接收的关键词：车位状态
2025-03-13 17:50:03.8686 | search_tool_vector:327 | INFO | 从API获取到 18 条数据
2025-03-13 17:50:03.8686 | search_tool_vector:228 | INFO | 去掉接口文档，总计 11 个文档，42 个文本块
2025-03-13 17:50:03.8847 | search_tool_vector:242 | INFO | 向量存储跳过已存在的文档块 doc_9268_chunk_1
2025-03-13 17:50:03.8858 | search_tool_vector:242 | INFO | 向量存储跳过已存在的文档块 doc_9724_chunk_1
2025-03-13 17:50:03.8868 | search_tool_vector:242 | INFO | 向量存储跳过已存在的文档块 doc_1845_chunk_1
2025-03-13 17:50:03.8888 | search_tool_vector:242 | INFO | 向量存储跳过已存在的文档块 doc_1845_chunk_2
2025-03-13 17:50:03.8905 | search_tool_vector:242 | INFO | 向量存储跳过已存在的文档块 doc_1845_chunk_3
2025-03-13 17:50:03.8915 | search_tool_vector:242 | INFO | 向量存储跳过已存在的文档块 doc_8137_chunk_1
2025-03-13 17:50:03.8926 | search_tool_vector:242 | INFO | 向量存储跳过已存在的文档块 doc_8336_chunk_1
2025-03-13 17:50:03.8938 | search_tool_vector:242 | INFO | 向量存储跳过已存在的文档块 doc_8388_chunk_1
2025-03-13 17:50:03.8950 | search_tool_vector:242 | INFO | 向量存储跳过已存在的文档块 doc_8729_chunk_1
2025-03-13 17:50:03.8961 | search_tool_vector:242 | INFO | 向量存储跳过已存在的文档块 doc_8729_chunk_2
2025-03-13 17:50:03.8974 | search_tool_vector:242 | INFO | 向量存储跳过已存在的文档块 doc_8729_chunk_3
2025-03-13 17:50:03.8994 | search_tool_vector:242 | INFO | 向量存储跳过已存在的文档块 doc_8729_chunk_4
2025-03-13 17:50:03.9005 | search_tool_vector:242 | INFO | 向量存储跳过已存在的文档块 doc_8729_chunk_5
2025-03-13 17:50:03.9018 | search_tool_vector:242 | INFO | 向量存储跳过已存在的文档块 doc_8729_chunk_6
2025-03-13 17:50:03.9031 | search_tool_vector:242 | INFO | 向量存储跳过已存在的文档块 doc_8733_chunk_1
2025-03-13 17:50:03.9041 | search_tool_vector:242 | INFO | 向量存储跳过已存在的文档块 doc_8733_chunk_2
2025-03-13 17:50:03.9054 | search_tool_vector:242 | INFO | 向量存储跳过已存在的文档块 doc_8733_chunk_3
2025-03-13 17:50:03.9068 | search_tool_vector:242 | INFO | 向量存储跳过已存在的文档块 doc_8733_chunk_4
2025-03-13 17:50:03.9080 | search_tool_vector:242 | INFO | 向量存储跳过已存在的文档块 doc_8733_chunk_5
2025-03-13 17:50:03.9092 | search_tool_vector:242 | INFO | 向量存储跳过已存在的文档块 doc_8733_chunk_6
2025-03-13 17:50:03.9104 | search_tool_vector:242 | INFO | 向量存储跳过已存在的文档块 doc_8733_chunk_7
2025-03-13 17:50:03.9116 | search_tool_vector:242 | INFO | 向量存储跳过已存在的文档块 doc_8733_chunk_8
2025-03-13 17:50:03.9129 | search_tool_vector:242 | INFO | 向量存储跳过已存在的文档块 doc_8733_chunk_9
2025-03-13 17:50:03.9152 | search_tool_vector:242 | INFO | 向量存储跳过已存在的文档块 doc_8733_chunk_10
2025-03-13 17:50:03.9168 | search_tool_vector:242 | INFO | 向量存储跳过已存在的文档块 doc_8733_chunk_11
2025-03-13 17:50:03.9178 | search_tool_vector:242 | INFO | 向量存储跳过已存在的文档块 doc_8733_chunk_12
2025-03-13 17:50:03.9190 | search_tool_vector:242 | INFO | 向量存储跳过已存在的文档块 doc_8733_chunk_13
2025-03-13 17:50:03.9202 | search_tool_vector:242 | INFO | 向量存储跳过已存在的文档块 doc_8733_chunk_14
2025-03-13 17:50:03.9214 | search_tool_vector:242 | INFO | 向量存储跳过已存在的文档块 doc_8733_chunk_15
2025-03-13 17:50:03.9226 | search_tool_vector:242 | INFO | 向量存储跳过已存在的文档块 doc_8733_chunk_16
2025-03-13 17:50:03.9238 | search_tool_vector:242 | INFO | 向量存储跳过已存在的文档块 doc_8733_chunk_17
2025-03-13 17:50:03.9250 | search_tool_vector:242 | INFO | 向量存储跳过已存在的文档块 doc_8733_chunk_18
2025-03-13 17:50:03.9261 | search_tool_vector:242 | INFO | 向量存储跳过已存在的文档块 doc_8733_chunk_19
2025-03-13 17:50:03.9278 | search_tool_vector:242 | INFO | 向量存储跳过已存在的文档块 doc_8746_chunk_1
2025-03-13 17:50:03.9288 | search_tool_vector:242 | INFO | 向量存储跳过已存在的文档块 doc_8746_chunk_2
2025-03-13 17:50:03.9308 | search_tool_vector:242 | INFO | 向量存储跳过已存在的文档块 doc_8746_chunk_3
2025-03-13 17:50:03.9319 | search_tool_vector:242 | INFO | 向量存储跳过已存在的文档块 doc_8747_chunk_1
2025-03-13 17:50:03.9337 | search_tool_vector:242 | INFO | 向量存储跳过已存在的文档块 doc_8747_chunk_2
2025-03-13 17:50:03.9348 | search_tool_vector:242 | INFO | 向量存储跳过已存在的文档块 doc_9439_chunk_1
2025-03-13 17:50:03.9359 | search_tool_vector:242 | INFO | 向量存储跳过已存在的文档块 doc_9439_chunk_2
2025-03-13 17:50:03.9369 | search_tool_vector:242 | INFO | 向量存储跳过已存在的文档块 doc_9439_chunk_3
2025-03-13 17:50:03.9380 | search_tool_vector:242 | INFO | 向量存储跳过已存在的文档块 doc_9439_chunk_4
2025-03-13 17:50:03.9380 | search_tool_vector:269 | INFO | 
成功存储 0 个文本块到向量数据库
2025-03-13 17:50:03.9390 | search_tool_vector:274 | INFO | 开始从chromadb查询关键词：车位状态
2025-03-13 17:50:30.9566 | search_tool_vector:151 | INFO | ChromaDB 客户端初始化成功，dbid=2655278815312
2025-03-13 17:50:30.9577 | search_tool_vector:158 | INFO | Embedding 函数初始化成功
2025-03-13 17:50:31.0182 | search_tool_vector:166 | INFO | 集合初始化成功：yunwei_knowledge
2025-03-13 17:50:31.0182 | search_tool_vector:318 | INFO | 工具接收的关键词：车位状态
2025-03-13 17:50:31.2983 | search_tool_vector:327 | INFO | 从API获取到 18 条数据
2025-03-13 17:50:31.2983 | search_tool_vector:228 | INFO | 去掉接口文档，总计 11 个文档，42 个文本块
2025-03-13 17:53:32.3528 | search_tool_vector:269 | INFO | 
成功存储 42 个文本块到向量数据库
2025-03-13 17:53:32.3528 | search_tool_vector:274 | INFO | 开始从chromadb查询关键词：车位状态
2025-03-13 17:55:29.8100 | logger:54 | ERROR | 未捕获的异常
Traceback (most recent call last):

> File "C:\Users\86364\PycharmProjects\AIS\chromadb_demo\db_demo.py", line 22, in <module>
    results = collection.query(
              │          └ <function Collection.query at 0x0000020656B865C0>
              └ Collection(name=yunwei_knowledge)

  File "C:\Users\86364\PycharmProjects\AIS\venv\Lib\site-packages\chromadb\api\models\Collection.py", line 221, in query
    query_results = self._client._query(
                    │    │       └ <function SegmentAPI._query at 0x0000020661B960C0>
                    │    └ <chromadb.api.segment.SegmentAPI object at 0x0000020661A3C1D0>
                    └ Collection(name=yunwei_knowledge)
  File "C:\Users\86364\PycharmProjects\AIS\venv\Lib\site-packages\chromadb\telemetry\opentelemetry\__init__.py", line 150, in wrapper
    return f(*args, **kwargs)
           │  │       └ {'collection_id': UUID('7ab26cb1-4c9e-420b-8d31-6ad7eccef6b8'), 'query_embeddings': [[]], 'n_results': 5, 'where': None, 'whe...
           │  └ (<chromadb.api.segment.SegmentAPI object at 0x0000020661A3C1D0>,)
           └ <function SegmentAPI._query at 0x0000020661B96340>
  File "C:\Users\86364\PycharmProjects\AIS\venv\Lib\site-packages\tenacity\__init__.py", line 336, in wrapped_f
    return copy(f, *args, **kw)
           │    │   │       └ {'collection_id': UUID('7ab26cb1-4c9e-420b-8d31-6ad7eccef6b8'), 'query_embeddings': [[]], 'n_results': 5, 'where': None, 'whe...
           │    │   └ (<chromadb.api.segment.SegmentAPI object at 0x0000020661A3C1D0>,)
           │    └ <function SegmentAPI._query at 0x0000020661B96200>
           └ <Retrying object at 0x2065f87fcd0 (stop=<tenacity.stop.stop_after_attempt object at 0x0000020661B9B350>, wait=<tenacity.wait....
  File "C:\Users\86364\PycharmProjects\AIS\venv\Lib\site-packages\tenacity\__init__.py", line 475, in __call__
    do = self.iter(retry_state=retry_state)
         │    │                └ <RetryCallState 2226430930768: attempt #1; slept for 0.0; last result: failed (InvalidDimensionException Embedding dimension ...
         │    └ <function BaseRetrying.iter at 0x00000206561D7A60>
         └ <Retrying object at 0x2065f87fcd0 (stop=<tenacity.stop.stop_after_attempt object at 0x0000020661B9B350>, wait=<tenacity.wait....
  File "C:\Users\86364\PycharmProjects\AIS\venv\Lib\site-packages\tenacity\__init__.py", line 376, in iter
    result = action(retry_state)
             │      └ <RetryCallState 2226430930768: attempt #1; slept for 0.0; last result: failed (InvalidDimensionException Embedding dimension ...
             └ <function BaseRetrying._post_retry_check_actions.<locals>.<lambda> at 0x0000020661CF7740>
  File "C:\Users\86364\PycharmProjects\AIS\venv\Lib\site-packages\tenacity\__init__.py", line 398, in <lambda>
    self._add_action_func(lambda rs: rs.outcome.result())
                                 │   │  │       └ <function Future.result at 0x00000206561AE3E0>
                                 │   │  └ <Future at 0x2065f818450 state=finished raised InvalidDimensionException>
                                 │   └ <RetryCallState 2226430930768: attempt #1; slept for 0.0; last result: failed (InvalidDimensionException Embedding dimension ...
                                 └ <RetryCallState 2226430930768: attempt #1; slept for 0.0; last result: failed (InvalidDimensionException Embedding dimension ...
  File "C:\Users\86364\AppData\Local\Programs\Python\Python311\Lib\concurrent\futures\_base.py", line 449, in result
    return self.__get_result()
           └ None
  File "C:\Users\86364\AppData\Local\Programs\Python\Python311\Lib\concurrent\futures\_base.py", line 401, in __get_result
    raise self._exception
          └ None
  File "C:\Users\86364\PycharmProjects\AIS\venv\Lib\site-packages\tenacity\__init__.py", line 478, in __call__
    result = fn(*args, **kwargs)
             │   │       └ {'collection_id': UUID('7ab26cb1-4c9e-420b-8d31-6ad7eccef6b8'), 'query_embeddings': [[]], 'n_results': 5, 'where': None, 'whe...
             │   └ (<chromadb.api.segment.SegmentAPI object at 0x0000020661A3C1D0>,)
             └ <function SegmentAPI._query at 0x0000020661B96200>
  File "C:\Users\86364\PycharmProjects\AIS\venv\Lib\site-packages\chromadb\api\segment.py", line 103, in wrapper
    return self._rate_limit_enforcer.rate_limit(func)(*args, **kwargs)
           │    │                    │          │      │       └ {'collection_id': UUID('7ab26cb1-4c9e-420b-8d31-6ad7eccef6b8'), 'query_embeddings': [[]], 'n_results': 5, 'where': None, 'whe...
           │    │                    │          │      └ (<chromadb.api.segment.SegmentAPI object at 0x0000020661A3C1D0>,)
           │    │                    │          └ <function SegmentAPI._query at 0x0000020661B96160>
           │    │                    └ <function SimpleRateLimitEnforcer.rate_limit at 0x0000020661CF72E0>
           │    └ <chromadb.rate_limit.simple_rate_limit.SimpleRateLimitEnforcer object at 0x00000206596DD210>
           └ <chromadb.api.segment.SegmentAPI object at 0x0000020661A3C1D0>
  File "C:\Users\86364\PycharmProjects\AIS\venv\Lib\site-packages\chromadb\rate_limit\simple_rate_limit\__init__.py", line 23, in wrapper
    return func(*args, **kwargs)
           │     │       └ {'collection_id': UUID('7ab26cb1-4c9e-420b-8d31-6ad7eccef6b8'), 'query_embeddings': [[]], 'n_results': 5, 'where': None, 'whe...
           │     └ (<chromadb.api.segment.SegmentAPI object at 0x0000020661A3C1D0>,)
           └ <function SegmentAPI._query at 0x0000020661B96160>
  File "C:\Users\86364\PycharmProjects\AIS\venv\Lib\site-packages\chromadb\api\segment.py", line 790, in _query
    self._validate_dimension(coll, len(embedding), update=False)
    │    │                   │         └ []
    │    │                   └ Collection(id=UUID('7ab26cb1-4c9e-420b-8d31-6ad7eccef6b8'), name='yunwei_knowledge', configuration_json={'hnsw_configuration'...
    │    └ <function SegmentAPI._validate_dimension at 0x0000020661B968E0>
    └ <chromadb.api.segment.SegmentAPI object at 0x0000020661A3C1D0>
  File "C:\Users\86364\PycharmProjects\AIS\venv\Lib\site-packages\chromadb\api\segment.py", line 881, in _validate_dimension
    raise InvalidDimensionException(
          └ <class 'chromadb.errors.InvalidDimensionException'>

chromadb.errors.InvalidDimensionException: Embedding dimension 0 does not match collection dimensionality 768
